Epoch 1

Train:
	Average loss: 0.3016
	Mean error: 5.006
	Mean absolute error: 71.753
	Error deviation: 96.212
Valid:
	Average loss: 0.4088
	Mean error: 193.412
	Mean absolute error: 193.412
	Error deviation: 92.107

New best result: 193.41247792021434

--------------------------------------------------------------------------------

Epoch 2

Train:
	Average loss: 0.2912
	Mean error: 3.514
	Mean absolute error: 67.537
	Error deviation: 97.042
Valid:
	Average loss: 0.4111
	Mean error: 178.409
	Mean absolute error: 178.409
	Error deviation: 101.913

New best result: 178.40859748792644

--------------------------------------------------------------------------------

Epoch 3

Train:
	Average loss: 0.2883
	Mean error: 0.492
	Mean absolute error: 71.071
	Error deviation: 94.222
Valid:
	Average loss: 0.4124
	Mean error: 205.201
	Mean absolute error: 205.201
	Error deviation: 104.414

--------------------------------------------------------------------------------

Epoch 4

Train:
	Average loss: 0.2847
	Mean error: -0.261
	Mean absolute error: 71.149
	Error deviation: 97.008
Valid:
	Average loss: 0.4113
	Mean error: 204.569
	Mean absolute error: 204.569
	Error deviation: 102.738

--------------------------------------------------------------------------------

Epoch 5

Train:
	Average loss: 0.2827
	Mean error: 1.734
	Mean absolute error: 69.831
	Error deviation: 95.180
Valid:
	Average loss: 0.4028
	Mean error: 154.432
	Mean absolute error: 154.432
	Error deviation: 94.093

New best result: 154.43238081550595

--------------------------------------------------------------------------------

Epoch 6

Train:
	Average loss: 0.2763
	Mean error: -0.376
	Mean absolute error: 68.144
	Error deviation: 93.227
Valid:
	Average loss: 0.3974
	Mean error: 160.830
	Mean absolute error: 160.830
	Error deviation: 83.448

--------------------------------------------------------------------------------

Epoch 7

Train:
	Average loss: 0.2701
	Mean error: -0.765
	Mean absolute error: 62.664
	Error deviation: 87.639
Valid:
	Average loss: 0.3950
	Mean error: 159.716
	Mean absolute error: 159.716
	Error deviation: 83.405

--------------------------------------------------------------------------------

Epoch 8

Train:
	Average loss: 0.2659
	Mean error: -1.720
	Mean absolute error: 63.609
	Error deviation: 87.561
Valid:
	Average loss: 0.3906
	Mean error: 141.986
	Mean absolute error: 141.986
	Error deviation: 81.845

New best result: 141.9855550889969

--------------------------------------------------------------------------------

Epoch 9

Train:
	Average loss: 0.2622
	Mean error: -0.383
	Mean absolute error: 60.528
	Error deviation: 85.765
Valid:
	Average loss: 0.3839
	Mean error: 113.933
	Mean absolute error: 114.031
	Error deviation: 79.663

New best result: 114.03144291003545

--------------------------------------------------------------------------------

Epoch 10

Train:
	Average loss: 0.2571
	Mean error: -2.981
	Mean absolute error: 62.422
	Error deviation: 84.737
Valid:
	Average loss: 0.3746
	Mean error: 91.025
	Mean absolute error: 91.341
	Error deviation: 73.683

New best result: 91.34142747211457

--------------------------------------------------------------------------------

Epoch 11

Train:
	Average loss: 0.2533
	Mean error: -0.396
	Mean absolute error: 60.896
	Error deviation: 82.046
Valid:
	Average loss: 0.3750
	Mean error: 103.314
	Mean absolute error: 104.936
	Error deviation: 80.348

--------------------------------------------------------------------------------

Epoch 12

Train:
	Average loss: 0.2495
	Mean error: 0.807
	Mean absolute error: 56.864
	Error deviation: 77.861
Valid:
	Average loss: 0.3721
	Mean error: 101.631
	Mean absolute error: 102.074
	Error deviation: 72.671

--------------------------------------------------------------------------------

Epoch 13

Train:
	Average loss: 0.2462
	Mean error: -1.785
	Mean absolute error: 58.503
	Error deviation: 79.753
Valid:
	Average loss: 0.3729
	Mean error: 113.767
	Mean absolute error: 114.339
	Error deviation: 75.708

--------------------------------------------------------------------------------

Epoch 14

Train:
	Average loss: 0.2431
	Mean error: -1.924
	Mean absolute error: 59.147
	Error deviation: 78.887
Valid:
	Average loss: 0.3725
	Mean error: 118.606
	Mean absolute error: 119.260
	Error deviation: 77.326

--------------------------------------------------------------------------------

Epoch 15

Train:
	Average loss: 0.2400
	Mean error: 0.233
	Mean absolute error: 55.245
	Error deviation: 74.914
Valid:
	Average loss: 0.3796
	Mean error: 130.674
	Mean absolute error: 131.653
	Error deviation: 82.544

--------------------------------------------------------------------------------

Epoch 16

Train:
	Average loss: 0.2381
	Mean error: -0.634
	Mean absolute error: 56.737
	Error deviation: 76.062
Valid:
	Average loss: 0.3640
	Mean error: 84.791
	Mean absolute error: 89.072
	Error deviation: 67.467

New best result: 89.07192590840658

--------------------------------------------------------------------------------

Epoch 17

Train:
	Average loss: 0.2335
	Mean error: -0.306
	Mean absolute error: 56.759
	Error deviation: 75.395
Valid:
	Average loss: 0.3610
	Mean error: 71.926
	Mean absolute error: 80.881
	Error deviation: 68.891

New best result: 80.88100954182943

--------------------------------------------------------------------------------

Epoch 18

Train:
	Average loss: 0.2300
	Mean error: -1.057
	Mean absolute error: 58.288
	Error deviation: 76.701
Valid:
	Average loss: 0.3589
	Mean error: 63.144
	Mean absolute error: 71.500
	Error deviation: 67.483

New best result: 71.49974976094563

--------------------------------------------------------------------------------

Epoch 19

Train:
	Average loss: 0.2266
	Mean error: 0.224
	Mean absolute error: 57.501
	Error deviation: 75.586
Valid:
	Average loss: 0.3575
	Mean error: 79.200
	Mean absolute error: 86.155
	Error deviation: 72.326

--------------------------------------------------------------------------------

Epoch 20

Train:
	Average loss: 0.2243
	Mean error: 0.198
	Mean absolute error: 58.415
	Error deviation: 78.029
Valid:
	Average loss: 0.3557
	Mean error: 85.985
	Mean absolute error: 88.972
	Error deviation: 67.384

--------------------------------------------------------------------------------

Epoch 21

Train:
	Average loss: 0.2216
	Mean error: 0.975
	Mean absolute error: 56.403
	Error deviation: 76.769
Valid:
	Average loss: 0.3511
	Mean error: 49.797
	Mean absolute error: 61.507
	Error deviation: 63.326

New best result: 61.50670947774252

--------------------------------------------------------------------------------

Epoch 22

Train:
	Average loss: 0.2162
	Mean error: -1.601
	Mean absolute error: 55.925
	Error deviation: 75.836
Valid:
	Average loss: 0.3486
	Mean error: 29.637
	Mean absolute error: 48.480
	Error deviation: 55.464

New best result: 48.47975165303548

--------------------------------------------------------------------------------

Epoch 23

Train:
	Average loss: 0.2134
	Mean error: -0.380
	Mean absolute error: 53.279
	Error deviation: 72.099
Valid:
	Average loss: 0.3500
	Mean error: 55.761
	Mean absolute error: 67.332
	Error deviation: 65.344

--------------------------------------------------------------------------------

Epoch 24

Train:
	Average loss: 0.2091
	Mean error: -0.004
	Mean absolute error: 49.201
	Error deviation: 67.198
Valid:
	Average loss: 0.3498
	Mean error: 33.343
	Mean absolute error: 50.578
	Error deviation: 54.080

--------------------------------------------------------------------------------

Epoch 25

Train:
	Average loss: 0.2053
	Mean error: -0.141
	Mean absolute error: 45.917
	Error deviation: 62.742
Valid:
	Average loss: 0.3522
	Mean error: 68.954
	Mean absolute error: 74.293
	Error deviation: 64.341

--------------------------------------------------------------------------------

Epoch 26

Train:
	Average loss: 0.2003
	Mean error: -0.697
	Mean absolute error: 41.655
	Error deviation: 56.994
Valid:
	Average loss: 0.3474
	Mean error: 48.554
	Mean absolute error: 57.896
	Error deviation: 55.645

--------------------------------------------------------------------------------

Epoch 27

Train:
	Average loss: 0.1969
	Mean error: -0.473
	Mean absolute error: 38.215
	Error deviation: 51.920
Valid:
	Average loss: 0.3493
	Mean error: 53.477
	Mean absolute error: 59.209
	Error deviation: 56.014

--------------------------------------------------------------------------------

Epoch 28

Train:
	Average loss: 0.1928
	Mean error: 0.003
	Mean absolute error: 36.010
	Error deviation: 49.414
Valid:
	Average loss: 0.3522
	Mean error: 65.359
	Mean absolute error: 67.480
	Error deviation: 62.976

--------------------------------------------------------------------------------

Epoch 29

Train:
	Average loss: 0.1880
	Mean error: -0.200
	Mean absolute error: 30.768
	Error deviation: 42.490
Valid:
	Average loss: 0.3466
	Mean error: 84.477
	Mean absolute error: 84.969
	Error deviation: 64.034

--------------------------------------------------------------------------------

Epoch 30

Train:
	Average loss: 0.1841
	Mean error: -0.032
	Mean absolute error: 28.465
	Error deviation: 38.208
Valid:
	Average loss: 0.3435
	Mean error: 60.971
	Mean absolute error: 64.875
	Error deviation: 57.619

--------------------------------------------------------------------------------

Epoch 31

Train:
	Average loss: 0.1823
	Mean error: 0.128
	Mean absolute error: 25.971
	Error deviation: 35.200
Valid:
	Average loss: 0.3552
	Mean error: 73.729
	Mean absolute error: 82.586
	Error deviation: 71.411

--------------------------------------------------------------------------------

Epoch 32

Train:
	Average loss: 0.1785
	Mean error: -0.559
	Mean absolute error: 26.165
	Error deviation: 35.538
Valid:
	Average loss: 0.3488
	Mean error: 49.908
	Mean absolute error: 61.162
	Error deviation: 63.083

--------------------------------------------------------------------------------

Epoch 33

Train:
	Average loss: 0.1743
	Mean error: 0.346
	Mean absolute error: 21.131
	Error deviation: 30.088
Valid:
	Average loss: 0.3526
	Mean error: 62.152
	Mean absolute error: 72.353
	Error deviation: 69.307

--------------------------------------------------------------------------------

Epoch 34

Train:
	Average loss: 0.1715
	Mean error: -0.666
	Mean absolute error: 21.200
	Error deviation: 28.949
Valid:
	Average loss: 0.3495
	Mean error: 22.429
	Mean absolute error: 48.685
	Error deviation: 56.746

--------------------------------------------------------------------------------

Epoch 35

Train:
	Average loss: 0.1690
	Mean error: 0.501
	Mean absolute error: 20.532
	Error deviation: 27.661
Valid:
	Average loss: 0.3422
	Mean error: 46.809
	Mean absolute error: 53.150
	Error deviation: 50.970

--------------------------------------------------------------------------------

Epoch 36

Train:
	Average loss: 0.1672
	Mean error: 0.034
	Mean absolute error: 24.790
	Error deviation: 32.171
Valid:
	Average loss: 0.3460
	Mean error: 46.298
	Mean absolute error: 55.833
	Error deviation: 57.078

--------------------------------------------------------------------------------

Epoch 37

Train:
	Average loss: 0.1631
	Mean error: -0.677
	Mean absolute error: 22.589
	Error deviation: 29.681
Valid:
	Average loss: 0.3445
	Mean error: 67.636
	Mean absolute error: 74.863
	Error deviation: 62.152

--------------------------------------------------------------------------------

Epoch 38

Train:
	Average loss: 0.1605
	Mean error: 0.363
	Mean absolute error: 22.995
	Error deviation: 29.792
Valid:
	Average loss: 0.3450
	Mean error: 6.548
	Mean absolute error: 31.997
	Error deviation: 47.998

New best result: 31.997184509277343

--------------------------------------------------------------------------------

Epoch 39

Train:
	Average loss: 0.1591
	Mean error: 0.549
	Mean absolute error: 24.861
	Error deviation: 32.821
Valid:
	Average loss: 0.3422
	Mean error: 18.451
	Mean absolute error: 40.169
	Error deviation: 52.188

--------------------------------------------------------------------------------

Epoch 40

Train:
	Average loss: 0.1562
	Mean error: -0.250
	Mean absolute error: 22.283
	Error deviation: 29.847
Valid:
	Average loss: 0.3439
	Mean error: 38.648
	Mean absolute error: 50.002
	Error deviation: 58.443

--------------------------------------------------------------------------------

Epoch 41

Train:
	Average loss: 0.1683
	Mean error: -2.127
	Mean absolute error: 21.989
	Error deviation: 29.436
Valid:
	Average loss: 0.3513
	Mean error: 99.374
	Mean absolute error: 99.374
	Error deviation: 69.866

--------------------------------------------------------------------------------

Epoch 42

Train:
	Average loss: 0.1560
	Mean error: -0.606
	Mean absolute error: 20.311
	Error deviation: 28.247
Valid:
	Average loss: 0.3535
	Mean error: 106.443
	Mean absolute error: 106.443
	Error deviation: 72.998

--------------------------------------------------------------------------------

Epoch 43

Train:
	Average loss: 0.1510
	Mean error: 0.132
	Mean absolute error: 17.728
	Error deviation: 25.526
Valid:
	Average loss: 0.3534
	Mean error: 104.132
	Mean absolute error: 104.132
	Error deviation: 73.079

--------------------------------------------------------------------------------

Epoch 44

Train:
	Average loss: 0.1475
	Mean error: 0.042
	Mean absolute error: 15.722
	Error deviation: 23.046
Valid:
	Average loss: 0.3536
	Mean error: 102.460
	Mean absolute error: 102.460
	Error deviation: 73.492

--------------------------------------------------------------------------------

Epoch 45

Train:
	Average loss: 0.1448
	Mean error: 0.068
	Mean absolute error: 14.152
	Error deviation: 20.938
Valid:
	Average loss: 0.3539
	Mean error: 100.928
	Mean absolute error: 100.928
	Error deviation: 73.599

--------------------------------------------------------------------------------

Epoch 46

Train:
	Average loss: 0.1425
	Mean error: 0.063
	Mean absolute error: 12.870
	Error deviation: 19.089
Valid:
	Average loss: 0.3544
	Mean error: 100.175
	Mean absolute error: 100.175
	Error deviation: 73.696

--------------------------------------------------------------------------------

Epoch 47

Train:
	Average loss: 0.1404
	Mean error: 0.047
	Mean absolute error: 11.777
	Error deviation: 17.348
Valid:
	Average loss: 0.3550
	Mean error: 99.946
	Mean absolute error: 99.946
	Error deviation: 73.843

--------------------------------------------------------------------------------

Epoch 48

Train:
	Average loss: 0.1384
	Mean error: 0.018
	Mean absolute error: 10.879
	Error deviation: 15.895
Valid:
	Average loss: 0.3557
	Mean error: 99.759
	Mean absolute error: 99.759
	Error deviation: 73.881

--------------------------------------------------------------------------------

Epoch 49

Train:
	Average loss: 0.1365
	Mean error: -0.015
	Mean absolute error: 10.309
	Error deviation: 14.887
Valid:
	Average loss: 0.3566
	Mean error: 99.797
	Mean absolute error: 99.797
	Error deviation: 74.180

--------------------------------------------------------------------------------

Epoch 50

Train:
	Average loss: 0.1347
	Mean error: 0.001
	Mean absolute error: 9.956
	Error deviation: 14.303
Valid:
	Average loss: 0.3575
	Mean error: 99.518
	Mean absolute error: 99.518
	Error deviation: 74.411

--------------------------------------------------------------------------------

Epoch 51

Train:
	Average loss: 0.1329
	Mean error: 0.004
	Mean absolute error: 9.545
	Error deviation: 13.685
Valid:
	Average loss: 0.3584
	Mean error: 99.306
	Mean absolute error: 99.306
	Error deviation: 74.573

--------------------------------------------------------------------------------

Epoch 52

Train:
	Average loss: 0.1312
	Mean error: 0.003
	Mean absolute error: 9.217
	Error deviation: 13.174
Valid:
	Average loss: 0.3594
	Mean error: 98.931
	Mean absolute error: 98.931
	Error deviation: 74.759

--------------------------------------------------------------------------------

Epoch 53

Train:
	Average loss: 0.1294
	Mean error: 0.013
	Mean absolute error: 8.939
	Error deviation: 12.710
Valid:
	Average loss: 0.3604
	Mean error: 98.765
	Mean absolute error: 98.765
	Error deviation: 74.968

--------------------------------------------------------------------------------

Epoch 54

Train:
	Average loss: 0.1277
	Mean error: -0.005
	Mean absolute error: 8.710
	Error deviation: 12.313
Valid:
	Average loss: 0.3614
	Mean error: 98.179
	Mean absolute error: 98.179
	Error deviation: 74.951

--------------------------------------------------------------------------------

Epoch 55

Train:
	Average loss: 0.1259
	Mean error: -0.006
	Mean absolute error: 8.448
	Error deviation: 11.940
Valid:
	Average loss: 0.3625
	Mean error: 97.680
	Mean absolute error: 97.680
	Error deviation: 74.884

--------------------------------------------------------------------------------

Epoch 56

Train:
	Average loss: 0.1242
	Mean error: -0.002
	Mean absolute error: 8.209
	Error deviation: 11.569
Valid:
	Average loss: 0.3637
	Mean error: 97.246
	Mean absolute error: 97.246
	Error deviation: 74.709

--------------------------------------------------------------------------------

Epoch 57

Train:
	Average loss: 0.1224
	Mean error: -0.042
	Mean absolute error: 8.063
	Error deviation: 11.335
Valid:
	Average loss: 0.3650
	Mean error: 96.841
	Mean absolute error: 96.841
	Error deviation: 74.657

--------------------------------------------------------------------------------

Epoch 58

Train:
	Average loss: 0.1206
	Mean error: 0.015
	Mean absolute error: 7.877
	Error deviation: 11.049
Valid:
	Average loss: 0.3664
	Mean error: 96.233
	Mean absolute error: 96.233
	Error deviation: 74.485

--------------------------------------------------------------------------------

Epoch 59

Train:
	Average loss: 0.1189
	Mean error: -0.073
	Mean absolute error: 7.756
	Error deviation: 10.868
Valid:
	Average loss: 0.3676
	Mean error: 94.824
	Mean absolute error: 94.824
	Error deviation: 74.064

--------------------------------------------------------------------------------

Epoch 60

Train:
	Average loss: 0.1171
	Mean error: 0.092
	Mean absolute error: 7.677
	Error deviation: 10.769
Valid:
	Average loss: 0.3688
	Mean error: 94.889
	Mean absolute error: 94.889
	Error deviation: 73.553

--------------------------------------------------------------------------------

Epoch 61

Train:
	Average loss: 0.1154
	Mean error: -0.223
	Mean absolute error: 7.973
	Error deviation: 11.118
Valid:
	Average loss: 0.3709
	Mean error: 93.949
	Mean absolute error: 93.949
	Error deviation: 73.338

--------------------------------------------------------------------------------

Epoch 62

Train:
	Average loss: 0.1139
	Mean error: 0.199
	Mean absolute error: 7.718
	Error deviation: 10.818
Valid:
	Average loss: 0.3711
	Mean error: 90.898
	Mean absolute error: 90.898
	Error deviation: 71.740

--------------------------------------------------------------------------------

Epoch 63

Train:
	Average loss: 0.1128
	Mean error: -0.172
	Mean absolute error: 8.872
	Error deviation: 11.988
Valid:
	Average loss: 0.3734
	Mean error: 93.357
	Mean absolute error: 93.357
	Error deviation: 73.428

--------------------------------------------------------------------------------

Epoch 64

Train:
	Average loss: 0.1115
	Mean error: 0.041
	Mean absolute error: 8.248
	Error deviation: 11.072
Valid:
	Average loss: 0.3742
	Mean error: 90.763
	Mean absolute error: 90.763
	Error deviation: 71.451

--------------------------------------------------------------------------------

Epoch 65

Train:
	Average loss: 0.1102
	Mean error: -0.051
	Mean absolute error: 10.119
	Error deviation: 13.500
Valid:
	Average loss: 0.3762
	Mean error: 90.358
	Mean absolute error: 90.358
	Error deviation: 71.325

--------------------------------------------------------------------------------

Epoch 66

Train:
	Average loss: 0.1086
	Mean error: 0.170
	Mean absolute error: 9.419
	Error deviation: 12.921
Valid:
	Average loss: 0.3764
	Mean error: 88.357
	Mean absolute error: 88.357
	Error deviation: 71.359

--------------------------------------------------------------------------------

Epoch 67

Train:
	Average loss: 0.1074
	Mean error: -0.160
	Mean absolute error: 9.590
	Error deviation: 13.083
Valid:
	Average loss: 0.3781
	Mean error: 92.419
	Mean absolute error: 92.419
	Error deviation: 71.767

--------------------------------------------------------------------------------

Epoch 68

Train:
	Average loss: 0.1063
	Mean error: -0.221
	Mean absolute error: 9.747
	Error deviation: 12.563
Valid:
	Average loss: 0.3799
	Mean error: 92.002
	Mean absolute error: 92.002
	Error deviation: 70.844

--------------------------------------------------------------------------------

Epoch 69

Train:
	Average loss: 0.1057
	Mean error: 0.135
	Mean absolute error: 10.219
	Error deviation: 13.269
Valid:
	Average loss: 0.3824
	Mean error: 79.158
	Mean absolute error: 79.386
	Error deviation: 67.943

--------------------------------------------------------------------------------

Epoch 70

Train:
	Average loss: 0.1045
	Mean error: 0.188
	Mean absolute error: 9.716
	Error deviation: 12.710
Valid:
	Average loss: 0.3816
	Mean error: 87.154
	Mean absolute error: 87.154
	Error deviation: 69.649

--------------------------------------------------------------------------------

Epoch 71

Train:
	Average loss: 0.1038
	Mean error: -0.263
	Mean absolute error: 10.126
	Error deviation: 13.739
Valid:
	Average loss: 0.3811
	Mean error: 91.511
	Mean absolute error: 91.511
	Error deviation: 70.180

--------------------------------------------------------------------------------

Epoch 72

Train:
	Average loss: 0.1023
	Mean error: -0.082
	Mean absolute error: 9.681
	Error deviation: 13.030
Valid:
	Average loss: 0.3851
	Mean error: 83.226
	Mean absolute error: 83.233
	Error deviation: 69.234

--------------------------------------------------------------------------------

Epoch 73

Train:
	Average loss: 0.1008
	Mean error: 0.111
	Mean absolute error: 7.658
	Error deviation: 10.599
Valid:
	Average loss: 0.3879
	Mean error: 81.694
	Mean absolute error: 81.771
	Error deviation: 68.222

--------------------------------------------------------------------------------

Epoch 74

Train:
	Average loss: 0.1000
	Mean error: 0.069
	Mean absolute error: 8.120
	Error deviation: 11.119
Valid:
	Average loss: 0.3875
	Mean error: 82.939
	Mean absolute error: 83.022
	Error deviation: 67.486

--------------------------------------------------------------------------------

Epoch 75

Train:
	Average loss: 0.0993
	Mean error: 0.120
	Mean absolute error: 8.465
	Error deviation: 11.651
Valid:
	Average loss: 0.3867
	Mean error: 84.069
	Mean absolute error: 84.106
	Error deviation: 69.538

--------------------------------------------------------------------------------

Epoch 76

Train:
	Average loss: 0.0989
	Mean error: -0.071
	Mean absolute error: 7.857
	Error deviation: 10.707
Valid:
	Average loss: 0.3870
	Mean error: 84.019
	Mean absolute error: 84.028
	Error deviation: 68.064

--------------------------------------------------------------------------------

Epoch 77

Train:
	Average loss: 0.0982
	Mean error: -0.285
	Mean absolute error: 7.870
	Error deviation: 10.532
Valid:
	Average loss: 0.3900
	Mean error: 81.865
	Mean absolute error: 82.004
	Error deviation: 67.608

--------------------------------------------------------------------------------

Epoch 78

Train:
	Average loss: 0.0975
	Mean error: 0.157
	Mean absolute error: 8.030
	Error deviation: 10.834
Valid:
	Average loss: 0.3894
	Mean error: 80.290
	Mean absolute error: 80.427
	Error deviation: 66.770

--------------------------------------------------------------------------------

Epoch 79

Train:
	Average loss: 0.0974
	Mean error: 0.049
	Mean absolute error: 9.765
	Error deviation: 12.951
Valid:
	Average loss: 0.3866
	Mean error: 90.369
	Mean absolute error: 90.369
	Error deviation: 69.499

--------------------------------------------------------------------------------

Epoch 80

Train:
	Average loss: 0.0972
	Mean error: -0.244
	Mean absolute error: 10.723
	Error deviation: 14.018
Valid:
	Average loss: 0.3921
	Mean error: 76.683
	Mean absolute error: 76.814
	Error deviation: 65.060

--------------------------------------------------------------------------------

Epoch 81

Train:
	Average loss: 0.0996
	Mean error: 1.343
	Mean absolute error: 9.198
	Error deviation: 11.813
Valid:
	Average loss: 0.3864
	Mean error: 78.562
	Mean absolute error: 78.781
	Error deviation: 67.076

--------------------------------------------------------------------------------

Epoch 82

Train:
	Average loss: 0.0968
	Mean error: -0.285
	Mean absolute error: 7.773
	Error deviation: 10.148
Valid:
	Average loss: 0.3880
	Mean error: 76.520
	Mean absolute error: 76.845
	Error deviation: 66.285

--------------------------------------------------------------------------------

Epoch 83

Train:
	Average loss: 0.0953
	Mean error: -0.137
	Mean absolute error: 7.339
	Error deviation: 9.787
Valid:
	Average loss: 0.3893
	Mean error: 75.555
	Mean absolute error: 75.962
	Error deviation: 65.897

--------------------------------------------------------------------------------

Epoch 84

Train:
	Average loss: 0.0943
	Mean error: -0.026
	Mean absolute error: 7.108
	Error deviation: 9.641
Valid:
	Average loss: 0.3904
	Mean error: 74.978
	Mean absolute error: 75.442
	Error deviation: 65.688

--------------------------------------------------------------------------------

Epoch 85

Train:
	Average loss: 0.0935
	Mean error: 0.016
	Mean absolute error: 6.960
	Error deviation: 9.556
Valid:
	Average loss: 0.3913
	Mean error: 74.572
	Mean absolute error: 75.080
	Error deviation: 65.571

--------------------------------------------------------------------------------

Epoch 86

Train:
	Average loss: 0.0930
	Mean error: 0.024
	Mean absolute error: 6.865
	Error deviation: 9.496
Valid:
	Average loss: 0.3921
	Mean error: 74.290
	Mean absolute error: 74.828
	Error deviation: 65.503

--------------------------------------------------------------------------------

Epoch 87

Train:
	Average loss: 0.0925
	Mean error: 0.018
	Mean absolute error: 6.801
	Error deviation: 9.454
Valid:
	Average loss: 0.3928
	Mean error: 74.081
	Mean absolute error: 74.643
	Error deviation: 65.464

--------------------------------------------------------------------------------

Epoch 88

Train:
	Average loss: 0.0920
	Mean error: 0.018
	Mean absolute error: 6.757
	Error deviation: 9.425
Valid:
	Average loss: 0.3935
	Mean error: 73.986
	Mean absolute error: 74.559
	Error deviation: 65.471

--------------------------------------------------------------------------------

Epoch 89

Train:
	Average loss: 0.0916
	Mean error: 0.024
	Mean absolute error: 6.722
	Error deviation: 9.404
Valid:
	Average loss: 0.3941
	Mean error: 73.916
	Mean absolute error: 74.499
	Error deviation: 65.488

--------------------------------------------------------------------------------

Epoch 90

Train:
	Average loss: 0.0913
	Mean error: 0.028
	Mean absolute error: 6.702
	Error deviation: 9.394
Valid:
	Average loss: 0.3947
	Mean error: 73.890
	Mean absolute error: 74.479
	Error deviation: 65.525

--------------------------------------------------------------------------------

Epoch 91

Train:
	Average loss: 0.0909
	Mean error: 0.028
	Mean absolute error: 6.685
	Error deviation: 9.383
Valid:
	Average loss: 0.3953
	Mean error: 73.900
	Mean absolute error: 74.488
	Error deviation: 65.561

--------------------------------------------------------------------------------

Epoch 92

Train:
	Average loss: 0.0906
	Mean error: 0.030
	Mean absolute error: 6.677
	Error deviation: 9.383
Valid:
	Average loss: 0.3959
	Mean error: 73.905
	Mean absolute error: 74.495
	Error deviation: 65.599

--------------------------------------------------------------------------------

Epoch 93

Train:
	Average loss: 0.0903
	Mean error: 0.032
	Mean absolute error: 6.670
	Error deviation: 9.380
Valid:
	Average loss: 0.3964
	Mean error: 73.937
	Mean absolute error: 74.525
	Error deviation: 65.654

--------------------------------------------------------------------------------

Epoch 94

Train:
	Average loss: 0.0900
	Mean error: 0.036
	Mean absolute error: 6.665
	Error deviation: 9.380
Valid:
	Average loss: 0.3970
	Mean error: 73.990
	Mean absolute error: 74.575
	Error deviation: 65.710

--------------------------------------------------------------------------------

Epoch 95

Train:
	Average loss: 0.0898
	Mean error: 0.038
	Mean absolute error: 6.663
	Error deviation: 9.381
Valid:
	Average loss: 0.3975
	Mean error: 73.999
	Mean absolute error: 74.585
	Error deviation: 65.746

--------------------------------------------------------------------------------

Epoch 96

Train:
	Average loss: 0.0895
	Mean error: 0.039
	Mean absolute error: 6.659
	Error deviation: 9.381
Valid:
	Average loss: 0.3980
	Mean error: 74.031
	Mean absolute error: 74.614
	Error deviation: 65.784

--------------------------------------------------------------------------------

Epoch 97

Train:
	Average loss: 0.0892
	Mean error: 0.039
	Mean absolute error: 6.657
	Error deviation: 9.381
Valid:
	Average loss: 0.3985
	Mean error: 74.068
	Mean absolute error: 74.647
	Error deviation: 65.823

--------------------------------------------------------------------------------

Epoch 98

Train:
	Average loss: 0.0890
	Mean error: 0.042
	Mean absolute error: 6.654
	Error deviation: 9.381
Valid:
	Average loss: 0.3990
	Mean error: 74.088
	Mean absolute error: 74.664
	Error deviation: 65.852

--------------------------------------------------------------------------------

Epoch 99

Train:
	Average loss: 0.0887
	Mean error: 0.045
	Mean absolute error: 6.649
	Error deviation: 9.378
Valid:
	Average loss: 0.3995
	Mean error: 74.116
	Mean absolute error: 74.688
	Error deviation: 65.885

--------------------------------------------------------------------------------

Epoch 100

Train:
	Average loss: 0.0884
	Mean error: 0.046
	Mean absolute error: 6.647
	Error deviation: 9.379
Valid:
	Average loss: 0.3999
	Mean error: 74.125
	Mean absolute error: 74.694
	Error deviation: 65.903

--------------------------------------------------------------------------------

Epoch 101

Train:
	Average loss: 0.0882
	Mean error: 0.044
	Mean absolute error: 6.643
	Error deviation: 9.377
Valid:
	Average loss: 0.4004
	Mean error: 74.155
	Mean absolute error: 74.718
	Error deviation: 65.929

--------------------------------------------------------------------------------

Epoch 102

Train:
	Average loss: 0.0879
	Mean error: 0.044
	Mean absolute error: 6.641
	Error deviation: 9.376
Valid:
	Average loss: 0.4009
	Mean error: 74.195
	Mean absolute error: 74.755
	Error deviation: 65.961

--------------------------------------------------------------------------------

Epoch 103

Train:
	Average loss: 0.0877
	Mean error: 0.043
	Mean absolute error: 6.636
	Error deviation: 9.371
Valid:
	Average loss: 0.4013
	Mean error: 74.195
	Mean absolute error: 74.753
	Error deviation: 65.979

--------------------------------------------------------------------------------

Epoch 104

Train:
	Average loss: 0.0875
	Mean error: 0.045
	Mean absolute error: 6.631
	Error deviation: 9.369
Valid:
	Average loss: 0.4018
	Mean error: 74.212
	Mean absolute error: 74.768
	Error deviation: 66.003

--------------------------------------------------------------------------------

Epoch 105

Train:
	Average loss: 0.0872
	Mean error: 0.046
	Mean absolute error: 6.624
	Error deviation: 9.364
Valid:
	Average loss: 0.4023
	Mean error: 74.229
	Mean absolute error: 74.782
	Error deviation: 66.027

--------------------------------------------------------------------------------

Epoch 106

Train:
	Average loss: 0.0870
	Mean error: 0.043
	Mean absolute error: 6.617
	Error deviation: 9.356
Valid:
	Average loss: 0.4027
	Mean error: 74.208
	Mean absolute error: 74.762
	Error deviation: 66.035

--------------------------------------------------------------------------------

Epoch 107

Train:
	Average loss: 0.0867
	Mean error: 0.042
	Mean absolute error: 6.608
	Error deviation: 9.349
Valid:
	Average loss: 0.4032
	Mean error: 74.213
	Mean absolute error: 74.766
	Error deviation: 66.051

--------------------------------------------------------------------------------

Epoch 108

Train:
	Average loss: 0.0865
	Mean error: 0.041
	Mean absolute error: 6.604
	Error deviation: 9.344
Valid:
	Average loss: 0.4036
	Mean error: 74.252
	Mean absolute error: 74.800
	Error deviation: 66.078

--------------------------------------------------------------------------------

Epoch 109

Train:
	Average loss: 0.0863
	Mean error: 0.042
	Mean absolute error: 6.597
	Error deviation: 9.337
Valid:
	Average loss: 0.4040
	Mean error: 74.259
	Mean absolute error: 74.803
	Error deviation: 66.093

--------------------------------------------------------------------------------

Epoch 110

Train:
	Average loss: 0.0860
	Mean error: 0.043
	Mean absolute error: 6.590
	Error deviation: 9.330
Valid:
	Average loss: 0.4045
	Mean error: 74.291
	Mean absolute error: 74.833
	Error deviation: 66.122

--------------------------------------------------------------------------------

Epoch 111

Train:
	Average loss: 0.0858
	Mean error: 0.043
	Mean absolute error: 6.585
	Error deviation: 9.324
Valid:
	Average loss: 0.4049
	Mean error: 74.316
	Mean absolute error: 74.852
	Error deviation: 66.143

--------------------------------------------------------------------------------

Epoch 112

Train:
	Average loss: 0.0856
	Mean error: 0.042
	Mean absolute error: 6.580
	Error deviation: 9.318
Valid:
	Average loss: 0.4053
	Mean error: 74.328
	Mean absolute error: 74.861
	Error deviation: 66.155

--------------------------------------------------------------------------------

Epoch 113

Train:
	Average loss: 0.0853
	Mean error: 0.042
	Mean absolute error: 6.574
	Error deviation: 9.311
Valid:
	Average loss: 0.4058
	Mean error: 74.284
	Mean absolute error: 74.819
	Error deviation: 66.148

--------------------------------------------------------------------------------

Epoch 114

Train:
	Average loss: 0.0851
	Mean error: 0.041
	Mean absolute error: 6.568
	Error deviation: 9.302
Valid:
	Average loss: 0.4062
	Mean error: 74.298
	Mean absolute error: 74.831
	Error deviation: 66.170

--------------------------------------------------------------------------------

Epoch 115

Train:
	Average loss: 0.0849
	Mean error: 0.039
	Mean absolute error: 6.559
	Error deviation: 9.290
Valid:
	Average loss: 0.4067
	Mean error: 74.311
	Mean absolute error: 74.842
	Error deviation: 66.189

--------------------------------------------------------------------------------

Epoch 116

Train:
	Average loss: 0.0847
	Mean error: 0.042
	Mean absolute error: 6.550
	Error deviation: 9.275
Valid:
	Average loss: 0.4071
	Mean error: 74.324
	Mean absolute error: 74.853
	Error deviation: 66.198

--------------------------------------------------------------------------------

Epoch 117

Train:
	Average loss: 0.0844
	Mean error: 0.040
	Mean absolute error: 6.542
	Error deviation: 9.265
Valid:
	Average loss: 0.4075
	Mean error: 74.341
	Mean absolute error: 74.866
	Error deviation: 66.215

--------------------------------------------------------------------------------

Epoch 118

Train:
	Average loss: 0.0842
	Mean error: 0.041
	Mean absolute error: 6.536
	Error deviation: 9.256
Valid:
	Average loss: 0.4079
	Mean error: 74.310
	Mean absolute error: 74.837
	Error deviation: 66.208

--------------------------------------------------------------------------------

Epoch 119

Train:
	Average loss: 0.0840
	Mean error: 0.040
	Mean absolute error: 6.529
	Error deviation: 9.248
Valid:
	Average loss: 0.4084
	Mean error: 74.345
	Mean absolute error: 74.867
	Error deviation: 66.229

--------------------------------------------------------------------------------

Epoch 120

Train:
	Average loss: 0.0838
	Mean error: 0.041
	Mean absolute error: 6.525
	Error deviation: 9.242
Valid:
	Average loss: 0.4088
	Mean error: 74.318
	Mean absolute error: 74.840
	Error deviation: 66.220

--------------------------------------------------------------------------------

Epoch 121

Train:
	Average loss: 0.0839
	Mean error: 0.135
	Mean absolute error: 6.408
	Error deviation: 9.103
Valid:
	Average loss: 0.4076
	Mean error: 76.047
	Mean absolute error: 76.324
	Error deviation: 66.316

--------------------------------------------------------------------------------

Epoch 122

Train:
	Average loss: 0.0837
	Mean error: 0.639
	Mean absolute error: 6.377
	Error deviation: 9.167
Valid:
	Average loss: 0.4076
	Mean error: 75.701
	Mean absolute error: 75.987
	Error deviation: 66.138

--------------------------------------------------------------------------------

Epoch 123

Train:
	Average loss: 0.0836
	Mean error: 0.594
	Mean absolute error: 6.369
	Error deviation: 9.145
Valid:
	Average loss: 0.4077
	Mean error: 75.426
	Mean absolute error: 75.727
	Error deviation: 66.050

--------------------------------------------------------------------------------

Epoch 124

Train:
	Average loss: 0.0836
	Mean error: 0.513
	Mean absolute error: 6.375
	Error deviation: 9.130
Valid:
	Average loss: 0.4078
	Mean error: 75.200
	Mean absolute error: 75.520
	Error deviation: 65.998

--------------------------------------------------------------------------------

Epoch 125

Train:
	Average loss: 0.0836
	Mean error: 0.432
	Mean absolute error: 6.384
	Error deviation: 9.119
Valid:
	Average loss: 0.4079
	Mean error: 75.012
	Mean absolute error: 75.348
	Error deviation: 65.962

--------------------------------------------------------------------------------

Epoch 126

Train:
	Average loss: 0.0835
	Mean error: 0.362
	Mean absolute error: 6.393
	Error deviation: 9.110
Valid:
	Average loss: 0.4079
	Mean error: 74.858
	Mean absolute error: 75.208
	Error deviation: 65.936

--------------------------------------------------------------------------------

Epoch 127

Train:
	Average loss: 0.0835
	Mean error: 0.305
	Mean absolute error: 6.400
	Error deviation: 9.103
Valid:
	Average loss: 0.4080
	Mean error: 74.733
	Mean absolute error: 75.096
	Error deviation: 65.917

--------------------------------------------------------------------------------

Epoch 128

Train:
	Average loss: 0.0835
	Mean error: 0.258
	Mean absolute error: 6.406
	Error deviation: 9.097
Valid:
	Average loss: 0.4081
	Mean error: 74.630
	Mean absolute error: 75.004
	Error deviation: 65.903

--------------------------------------------------------------------------------

Epoch 129

Train:
	Average loss: 0.0834
	Mean error: 0.220
	Mean absolute error: 6.411
	Error deviation: 9.093
Valid:
	Average loss: 0.4081
	Mean error: 74.542
	Mean absolute error: 74.925
	Error deviation: 65.892

--------------------------------------------------------------------------------

Epoch 130

Train:
	Average loss: 0.0834
	Mean error: 0.190
	Mean absolute error: 6.415
	Error deviation: 9.088
Valid:
	Average loss: 0.4082
	Mean error: 74.469
	Mean absolute error: 74.860
	Error deviation: 65.884

--------------------------------------------------------------------------------

Epoch 131

Train:
	Average loss: 0.0834
	Mean error: 0.165
	Mean absolute error: 6.418
	Error deviation: 9.085
Valid:
	Average loss: 0.4083
	Mean error: 74.405
	Mean absolute error: 74.804
	Error deviation: 65.876

--------------------------------------------------------------------------------

Epoch 132

Train:
	Average loss: 0.0833
	Mean error: 0.146
	Mean absolute error: 6.420
	Error deviation: 9.082
Valid:
	Average loss: 0.4083
	Mean error: 74.351
	Mean absolute error: 74.756
	Error deviation: 65.871

--------------------------------------------------------------------------------

Epoch 133

Train:
	Average loss: 0.0833
	Mean error: 0.129
	Mean absolute error: 6.421
	Error deviation: 9.079
Valid:
	Average loss: 0.4084
	Mean error: 74.305
	Mean absolute error: 74.715
	Error deviation: 65.867

--------------------------------------------------------------------------------

Epoch 134

Train:
	Average loss: 0.0833
	Mean error: 0.116
	Mean absolute error: 6.422
	Error deviation: 9.076
Valid:
	Average loss: 0.4085
	Mean error: 74.265
	Mean absolute error: 74.680
	Error deviation: 65.864

--------------------------------------------------------------------------------

Epoch 135

Train:
	Average loss: 0.0833
	Mean error: 0.106
	Mean absolute error: 6.423
	Error deviation: 9.074
Valid:
	Average loss: 0.4085
	Mean error: 74.226
	Mean absolute error: 74.647
	Error deviation: 65.860

--------------------------------------------------------------------------------

Epoch 136

Train:
	Average loss: 0.0832
	Mean error: 0.097
	Mean absolute error: 6.423
	Error deviation: 9.072
Valid:
	Average loss: 0.4086
	Mean error: 74.193
	Mean absolute error: 74.618
	Error deviation: 65.858

--------------------------------------------------------------------------------

Epoch 137

Train:
	Average loss: 0.0832
	Mean error: 0.089
	Mean absolute error: 6.423
	Error deviation: 9.070
Valid:
	Average loss: 0.4086
	Mean error: 74.164
	Mean absolute error: 74.592
	Error deviation: 65.856

--------------------------------------------------------------------------------

Epoch 138

Train:
	Average loss: 0.0832
	Mean error: 0.082
	Mean absolute error: 6.422
	Error deviation: 9.068
Valid:
	Average loss: 0.4087
	Mean error: 74.135
	Mean absolute error: 74.568
	Error deviation: 65.853

--------------------------------------------------------------------------------

Epoch 139

Train:
	Average loss: 0.0832
	Mean error: 0.077
	Mean absolute error: 6.421
	Error deviation: 9.066
Valid:
	Average loss: 0.4087
	Mean error: 74.110
	Mean absolute error: 74.546
	Error deviation: 65.852

--------------------------------------------------------------------------------

Epoch 140

Train:
	Average loss: 0.0831
	Mean error: 0.072
	Mean absolute error: 6.420
	Error deviation: 9.064
Valid:
	Average loss: 0.4088
	Mean error: 74.085
	Mean absolute error: 74.525
	Error deviation: 65.850

--------------------------------------------------------------------------------

Epoch 141

Train:
	Average loss: 0.0831
	Mean error: 0.068
	Mean absolute error: 6.419
	Error deviation: 9.062
Valid:
	Average loss: 0.4089
	Mean error: 74.066
	Mean absolute error: 74.508
	Error deviation: 65.849

--------------------------------------------------------------------------------

Epoch 142

Train:
	Average loss: 0.0831
	Mean error: 0.065
	Mean absolute error: 6.418
	Error deviation: 9.060
Valid:
	Average loss: 0.4089
	Mean error: 74.044
	Mean absolute error: 74.490
	Error deviation: 65.848

--------------------------------------------------------------------------------

Epoch 143

Train:
	Average loss: 0.0831
	Mean error: 0.063
	Mean absolute error: 6.417
	Error deviation: 9.058
Valid:
	Average loss: 0.4090
	Mean error: 74.028
	Mean absolute error: 74.475
	Error deviation: 65.847

--------------------------------------------------------------------------------

Epoch 144

Train:
	Average loss: 0.0830
	Mean error: 0.060
	Mean absolute error: 6.415
	Error deviation: 9.056
Valid:
	Average loss: 0.4090
	Mean error: 74.010
	Mean absolute error: 74.460
	Error deviation: 65.846

--------------------------------------------------------------------------------

Epoch 145

Train:
	Average loss: 0.0830
	Mean error: 0.059
	Mean absolute error: 6.414
	Error deviation: 9.054
Valid:
	Average loss: 0.4091
	Mean error: 73.994
	Mean absolute error: 74.446
	Error deviation: 65.846

--------------------------------------------------------------------------------

Epoch 146

Train:
	Average loss: 0.0830
	Mean error: 0.057
	Mean absolute error: 6.413
	Error deviation: 9.053
Valid:
	Average loss: 0.4091
	Mean error: 73.979
	Mean absolute error: 74.434
	Error deviation: 65.846

--------------------------------------------------------------------------------

Epoch 147

Train:
	Average loss: 0.0830
	Mean error: 0.056
	Mean absolute error: 6.411
	Error deviation: 9.051
Valid:
	Average loss: 0.4092
	Mean error: 73.967
	Mean absolute error: 74.424
	Error deviation: 65.847

--------------------------------------------------------------------------------

Epoch 148

Train:
	Average loss: 0.0829
	Mean error: 0.056
	Mean absolute error: 6.410
	Error deviation: 9.050
Valid:
	Average loss: 0.4092
	Mean error: 73.955
	Mean absolute error: 74.414
	Error deviation: 65.848

--------------------------------------------------------------------------------

Epoch 149

Train:
	Average loss: 0.0829
	Mean error: 0.054
	Mean absolute error: 6.409
	Error deviation: 9.048
Valid:
	Average loss: 0.4093
	Mean error: 73.940
	Mean absolute error: 74.401
	Error deviation: 65.847

--------------------------------------------------------------------------------

Epoch 150

Train:
	Average loss: 0.0829
	Mean error: 0.053
	Mean absolute error: 6.408
	Error deviation: 9.047
Valid:
	Average loss: 0.4093
	Mean error: 73.927
	Mean absolute error: 74.390
	Error deviation: 65.848

--------------------------------------------------------------------------------

[Training done] Best result: 31.997184509277343, dataset: visdrone, model: UNet++_resnet34, aug: False, mosaic: False, flow: dis
