['FPN', 'efficientnet-b2']
Epoch 1

Train:
	Average loss: 0.6985
	Mean error: 5.083
	Mean absolute error: 1037.940
	Error deviation: 1843.517
Valid:
	Average loss: 0.4086
	Mean error: 133.913
	Mean absolute error: 133.922
	Error deviation: 91.324

New best result: 133.92202136071526

--------------------------------------------------------------------------------

Epoch 2

Train:
	Average loss: 0.3125
	Mean error: 1.303
	Mean absolute error: 168.299
	Error deviation: 214.661
Valid:
	Average loss: 0.4056
	Mean error: -25.208
	Mean absolute error: 84.210
	Error deviation: 91.058

New best result: 84.21033738199877

--------------------------------------------------------------------------------

Epoch 3

Train:
	Average loss: 0.3114
	Mean error: -0.693
	Mean absolute error: 159.566
	Error deviation: 206.990
Valid:
	Average loss: 0.4038
	Mean error: -64.864
	Mean absolute error: 95.500
	Error deviation: 86.839

--------------------------------------------------------------------------------

Epoch 4

Train:
	Average loss: 0.3112
	Mean error: 0.705
	Mean absolute error: 176.143
	Error deviation: 226.322
Valid:
	Average loss: 0.4025
	Mean error: 68.432
	Mean absolute error: 84.364
	Error deviation: 86.894

--------------------------------------------------------------------------------

Epoch 5

Train:
	Average loss: 0.3107
	Mean error: -1.788
	Mean absolute error: 193.121
	Error deviation: 242.542
Valid:
	Average loss: 0.4012
	Mean error: 29.868
	Mean absolute error: 69.646
	Error deviation: 87.711

New best result: 69.64565761311852

--------------------------------------------------------------------------------

Epoch 6

Train:
	Average loss: 0.3087
	Mean error: -1.656
	Mean absolute error: 171.565
	Error deviation: 217.794
Valid:
	Average loss: 0.4001
	Mean error: 109.026
	Mean absolute error: 110.967
	Error deviation: 82.347

--------------------------------------------------------------------------------

Epoch 7

Train:
	Average loss: 0.3069
	Mean error: -0.451
	Mean absolute error: 161.732
	Error deviation: 205.021
Valid:
	Average loss: 0.3980
	Mean error: 80.256
	Mean absolute error: 88.601
	Error deviation: 82.467

--------------------------------------------------------------------------------

Epoch 8

Train:
	Average loss: 0.3075
	Mean error: -1.160
	Mean absolute error: 194.091
	Error deviation: 251.912
Valid:
	Average loss: 0.3958
	Mean error: 22.852
	Mean absolute error: 64.371
	Error deviation: 80.810

New best result: 64.37059983317059

--------------------------------------------------------------------------------

Epoch 9

Train:
	Average loss: 0.3039
	Mean error: -1.279
	Mean absolute error: 156.157
	Error deviation: 195.369
Valid:
	Average loss: 0.3939
	Mean error: 66.920
	Mean absolute error: 77.367
	Error deviation: 76.430

--------------------------------------------------------------------------------

Epoch 10

Train:
	Average loss: 0.3031
	Mean error: -0.754
	Mean absolute error: 176.118
	Error deviation: 223.930
Valid:
	Average loss: 0.3917
	Mean error: 69.587
	Mean absolute error: 79.581
	Error deviation: 75.665

--------------------------------------------------------------------------------

Epoch 11

Train:
	Average loss: 0.3001
	Mean error: -1.271
	Mean absolute error: 151.686
	Error deviation: 191.922
Valid:
	Average loss: 0.3891
	Mean error: 50.585
	Mean absolute error: 68.201
	Error deviation: 75.808

--------------------------------------------------------------------------------

Epoch 12

Train:
	Average loss: 0.2982
	Mean error: -1.364
	Mean absolute error: 150.844
	Error deviation: 190.926
Valid:
	Average loss: 0.3861
	Mean error: -8.888
	Mean absolute error: 62.664
	Error deviation: 73.619

New best result: 62.6644149780273

--------------------------------------------------------------------------------

Epoch 13

Train:
	Average loss: 0.2965
	Mean error: -0.636
	Mean absolute error: 157.236
	Error deviation: 198.034
Valid:
	Average loss: 0.3842
	Mean error: -57.653
	Mean absolute error: 81.096
	Error deviation: 71.664

--------------------------------------------------------------------------------

Epoch 14

Train:
	Average loss: 0.2944
	Mean error: -1.416
	Mean absolute error: 153.976
	Error deviation: 196.857
Valid:
	Average loss: 0.3841
	Mean error: 152.765
	Mean absolute error: 152.765
	Error deviation: 72.132

--------------------------------------------------------------------------------

Epoch 15

Train:
	Average loss: 0.2930
	Mean error: -0.807
	Mean absolute error: 158.763
	Error deviation: 201.593
Valid:
	Average loss: 0.3816
	Mean error: 87.593
	Mean absolute error: 91.389
	Error deviation: 71.787

--------------------------------------------------------------------------------

Epoch 16

Train:
	Average loss: 0.2905
	Mean error: -0.259
	Mean absolute error: 148.413
	Error deviation: 186.827
Valid:
	Average loss: 0.3816
	Mean error: 178.544
	Mean absolute error: 178.544
	Error deviation: 70.744

--------------------------------------------------------------------------------

Epoch 17

Train:
	Average loss: 0.2882
	Mean error: -0.818
	Mean absolute error: 139.164
	Error deviation: 174.550
Valid:
	Average loss: 0.3783
	Mean error: 70.804
	Mean absolute error: 78.728
	Error deviation: 70.367

--------------------------------------------------------------------------------

Epoch 18

Train:
	Average loss: 0.2870
	Mean error: -0.393
	Mean absolute error: 131.316
	Error deviation: 164.009
Valid:
	Average loss: 0.3774
	Mean error: -28.174
	Mean absolute error: 65.735
	Error deviation: 68.581

--------------------------------------------------------------------------------

Epoch 19

Train:
	Average loss: 0.2849
	Mean error: -0.674
	Mean absolute error: 127.677
	Error deviation: 162.482
Valid:
	Average loss: 0.3771
	Mean error: 84.321
	Mean absolute error: 87.948
	Error deviation: 68.601

--------------------------------------------------------------------------------

Epoch 20

Train:
	Average loss: 0.2847
	Mean error: -0.089
	Mean absolute error: 142.185
	Error deviation: 178.049
Valid:
	Average loss: 0.3769
	Mean error: 110.528
	Mean absolute error: 111.438
	Error deviation: 69.172

--------------------------------------------------------------------------------

Epoch 21

Train:
	Average loss: 0.2834
	Mean error: -1.409
	Mean absolute error: 86.253
	Error deviation: 111.471
Valid:
	Average loss: 0.3755
	Mean error: 66.308
	Mean absolute error: 77.694
	Error deviation: 67.704

--------------------------------------------------------------------------------

Epoch 22

Train:
	Average loss: 0.2820
	Mean error: 0.122
	Mean absolute error: 88.221
	Error deviation: 111.340
Valid:
	Average loss: 0.3754
	Mean error: 58.036
	Mean absolute error: 73.248
	Error deviation: 67.736

--------------------------------------------------------------------------------

Epoch 23

Train:
	Average loss: 0.2823
	Mean error: -1.601
	Mean absolute error: 87.915
	Error deviation: 112.983
Valid:
	Average loss: 0.3752
	Mean error: 37.450
	Mean absolute error: 62.954
	Error deviation: 68.232

--------------------------------------------------------------------------------

Epoch 24

Train:
	Average loss: 0.2819
	Mean error: 0.056
	Mean absolute error: 85.624
	Error deviation: 111.576
Valid:
	Average loss: 0.3754
	Mean error: 64.082
	Mean absolute error: 77.254
	Error deviation: 67.853

--------------------------------------------------------------------------------

Epoch 25

Train:
	Average loss: 0.2819
	Mean error: -0.837
	Mean absolute error: 86.708
	Error deviation: 111.955
Valid:
	Average loss: 0.3754
	Mean error: 69.470
	Mean absolute error: 80.734
	Error deviation: 67.868

--------------------------------------------------------------------------------

Epoch 26

Train:
	Average loss: 0.2816
	Mean error: -1.847
	Mean absolute error: 88.920
	Error deviation: 113.797
Valid:
	Average loss: 0.3758
	Mean error: 100.314
	Mean absolute error: 103.513
	Error deviation: 67.842

--------------------------------------------------------------------------------

Epoch 27

Train:
	Average loss: 0.2816
	Mean error: -0.476
	Mean absolute error: 89.271
	Error deviation: 114.379
Valid:
	Average loss: 0.3754
	Mean error: 65.022
	Mean absolute error: 78.149
	Error deviation: 67.879

--------------------------------------------------------------------------------

Epoch 28

Train:
	Average loss: 0.2815
	Mean error: -0.367
	Mean absolute error: 89.762
	Error deviation: 116.265
Valid:
	Average loss: 0.3752
	Mean error: 49.256
	Mean absolute error: 69.137
	Error deviation: 68.131

--------------------------------------------------------------------------------

Epoch 29

Train:
	Average loss: 0.2814
	Mean error: -0.072
	Mean absolute error: 87.590
	Error deviation: 111.705
Valid:
	Average loss: 0.3753
	Mean error: 67.855
	Mean absolute error: 79.500
	Error deviation: 67.581

--------------------------------------------------------------------------------

Epoch 30

Train:
	Average loss: 0.2818
	Mean error: -1.479
	Mean absolute error: 89.051
	Error deviation: 116.511
Valid:
	Average loss: 0.3755
	Mean error: 87.022
	Mean absolute error: 93.378
	Error deviation: 67.874

--------------------------------------------------------------------------------

Epoch 31

Train:
	Average loss: 0.2816
	Mean error: 0.517
	Mean absolute error: 86.677
	Error deviation: 113.131
Valid:
	Average loss: 0.3751
	Mean error: 47.718
	Mean absolute error: 67.903
	Error deviation: 67.626

--------------------------------------------------------------------------------

Epoch 32

Train:
	Average loss: 0.2808
	Mean error: -0.903
	Mean absolute error: 85.172
	Error deviation: 109.516
Valid:
	Average loss: 0.3753
	Mean error: 66.970
	Mean absolute error: 79.562
	Error deviation: 67.873

--------------------------------------------------------------------------------

Epoch 33

Train:
	Average loss: 0.2815
	Mean error: -1.492
	Mean absolute error: 90.054
	Error deviation: 118.038
Valid:
	Average loss: 0.3753
	Mean error: 75.900
	Mean absolute error: 85.046
	Error deviation: 67.574

--------------------------------------------------------------------------------

Epoch 34

Train:
	Average loss: 0.2812
	Mean error: 0.194
	Mean absolute error: 87.063
	Error deviation: 111.581
Valid:
	Average loss: 0.3751
	Mean error: 45.501
	Mean absolute error: 67.152
	Error deviation: 67.743

--------------------------------------------------------------------------------

Epoch 35

Train:
	Average loss: 0.2810
	Mean error: -1.328
	Mean absolute error: 87.945
	Error deviation: 113.034
Valid:
	Average loss: 0.3752
	Mean error: 62.010
	Mean absolute error: 76.566
	Error deviation: 67.818

--------------------------------------------------------------------------------

Epoch 36

Train:
	Average loss: 0.2801
	Mean error: -0.137
	Mean absolute error: 83.093
	Error deviation: 106.859
Valid:
	Average loss: 0.3751
	Mean error: 67.891
	Mean absolute error: 79.977
	Error deviation: 67.746

--------------------------------------------------------------------------------

Epoch 37

Train:
	Average loss: 0.2800
	Mean error: -0.930
	Mean absolute error: 83.696
	Error deviation: 106.318
Valid:
	Average loss: 0.3750
	Mean error: 54.527
	Mean absolute error: 71.658
	Error deviation: 67.780

--------------------------------------------------------------------------------

Epoch 38

Train:
	Average loss: 0.2800
	Mean error: -0.169
	Mean absolute error: 81.607
	Error deviation: 105.574
Valid:
	Average loss: 0.3750
	Mean error: 63.072
	Mean absolute error: 76.758
	Error deviation: 67.493

--------------------------------------------------------------------------------

Epoch 39

Train:
	Average loss: 0.2799
	Mean error: -0.243
	Mean absolute error: 86.303
	Error deviation: 110.171
Valid:
	Average loss: 0.3751
	Mean error: 72.722
	Mean absolute error: 82.841
	Error deviation: 67.330

--------------------------------------------------------------------------------

Epoch 40

Train:
	Average loss: 0.2798
	Mean error: -1.153
	Mean absolute error: 83.883
	Error deviation: 108.074
Valid:
	Average loss: 0.3752
	Mean error: 86.358
	Mean absolute error: 92.997
	Error deviation: 67.727

--------------------------------------------------------------------------------

Epoch 41

Train:
	Average loss: 0.2797
	Mean error: 3.925
	Mean absolute error: 75.866
	Error deviation: 98.197
Valid:
	Average loss: 0.3747
	Mean error: 14.071
	Mean absolute error: 53.620
	Error deviation: 67.913

New best result: 53.619544611612945

--------------------------------------------------------------------------------

Epoch 42

Train:
	Average loss: 0.2800
	Mean error: -0.820
	Mean absolute error: 74.753
	Error deviation: 98.909
Valid:
	Average loss: 0.3747
	Mean error: 19.156
	Mean absolute error: 55.037
	Error deviation: 67.860

--------------------------------------------------------------------------------

Epoch 43

Train:
	Average loss: 0.2795
	Mean error: -1.027
	Mean absolute error: 73.231
	Error deviation: 98.925
Valid:
	Average loss: 0.3748
	Mean error: 19.321
	Mean absolute error: 55.188
	Error deviation: 67.923

--------------------------------------------------------------------------------

Epoch 44

Train:
	Average loss: 0.2795
	Mean error: -0.477
	Mean absolute error: 72.876
	Error deviation: 95.202
Valid:
	Average loss: 0.3748
	Mean error: 18.996
	Mean absolute error: 55.055
	Error deviation: 67.829

--------------------------------------------------------------------------------

Epoch 45

Train:
	Average loss: 0.2794
	Mean error: -1.163
	Mean absolute error: 72.372
	Error deviation: 95.960
Valid:
	Average loss: 0.3748
	Mean error: 25.041
	Mean absolute error: 57.541
	Error deviation: 67.935

--------------------------------------------------------------------------------

Epoch 46

Train:
	Average loss: 0.2800
	Mean error: 0.495
	Mean absolute error: 73.940
	Error deviation: 99.838
Valid:
	Average loss: 0.3748
	Mean error: 9.311
	Mean absolute error: 53.056
	Error deviation: 67.913

New best result: 53.055865881601996

--------------------------------------------------------------------------------

Epoch 47

Train:
	Average loss: 0.2793
	Mean error: -0.277
	Mean absolute error: 74.019
	Error deviation: 96.346
Valid:
	Average loss: 0.3748
	Mean error: 9.612
	Mean absolute error: 53.263
	Error deviation: 68.047

--------------------------------------------------------------------------------

Epoch 48

Train:
	Average loss: 0.2795
	Mean error: -1.074
	Mean absolute error: 73.353
	Error deviation: 97.673
Valid:
	Average loss: 0.3749
	Mean error: 28.984
	Mean absolute error: 59.583
	Error deviation: 68.065

--------------------------------------------------------------------------------

Epoch 49

Train:
	Average loss: 0.2793
	Mean error: 0.221
	Mean absolute error: 71.270
	Error deviation: 94.218
Valid:
	Average loss: 0.3748
	Mean error: -0.617
	Mean absolute error: 53.244
	Error deviation: 67.996

--------------------------------------------------------------------------------

Epoch 50

Train:
	Average loss: 0.2794
	Mean error: -1.430
	Mean absolute error: 74.206
	Error deviation: 97.639
Valid:
	Average loss: 0.3749
	Mean error: 22.353
	Mean absolute error: 56.592
	Error deviation: 68.003

--------------------------------------------------------------------------------

Epoch 51

Train:
	Average loss: 0.2800
	Mean error: 0.146
	Mean absolute error: 77.368
	Error deviation: 102.186
Valid:
	Average loss: 0.3749
	Mean error: 14.735
	Mean absolute error: 54.237
	Error deviation: 68.058

--------------------------------------------------------------------------------

Epoch 52

Train:
	Average loss: 0.2791
	Mean error: -0.336
	Mean absolute error: 70.719
	Error deviation: 92.154
Valid:
	Average loss: 0.3748
	Mean error: 14.178
	Mean absolute error: 53.966
	Error deviation: 67.948

--------------------------------------------------------------------------------

Epoch 53

Train:
	Average loss: 0.2796
	Mean error: -0.419
	Mean absolute error: 74.096
	Error deviation: 97.702
Valid:
	Average loss: 0.3749
	Mean error: 16.363
	Mean absolute error: 54.797
	Error deviation: 68.187

--------------------------------------------------------------------------------

Epoch 54

Train:
	Average loss: 0.2796
	Mean error: -0.484
	Mean absolute error: 74.120
	Error deviation: 98.168
Valid:
	Average loss: 0.3749
	Mean error: 13.920
	Mean absolute error: 54.053
	Error deviation: 68.041

--------------------------------------------------------------------------------

Epoch 55

Train:
	Average loss: 0.2793
	Mean error: -0.609
	Mean absolute error: 73.584
	Error deviation: 97.842
Valid:
	Average loss: 0.3749
	Mean error: 19.879
	Mean absolute error: 55.819
	Error deviation: 68.096

--------------------------------------------------------------------------------

Epoch 56

Train:
	Average loss: 0.2794
	Mean error: -0.311
	Mean absolute error: 73.181
	Error deviation: 96.236
Valid:
	Average loss: 0.3749
	Mean error: 18.288
	Mean absolute error: 55.175
	Error deviation: 68.025

--------------------------------------------------------------------------------

Epoch 57

Train:
	Average loss: 0.2791
	Mean error: 0.367
	Mean absolute error: 73.595
	Error deviation: 95.481
Valid:
	Average loss: 0.3748
	Mean error: 5.937
	Mean absolute error: 53.065
	Error deviation: 67.925

--------------------------------------------------------------------------------

Epoch 58

Train:
	Average loss: 0.2800
	Mean error: -0.825
	Mean absolute error: 75.318
	Error deviation: 100.197
Valid:
	Average loss: 0.3749
	Mean error: 15.044
	Mean absolute error: 54.355
	Error deviation: 68.052

--------------------------------------------------------------------------------

Epoch 59

Train:
	Average loss: 0.2793
	Mean error: -0.416
	Mean absolute error: 73.041
	Error deviation: 94.303
Valid:
	Average loss: 0.3749
	Mean error: 14.084
	Mean absolute error: 53.998
	Error deviation: 67.935

--------------------------------------------------------------------------------

Epoch 60

Train:
	Average loss: 0.2797
	Mean error: -0.465
	Mean absolute error: 73.777
	Error deviation: 95.203
Valid:
	Average loss: 0.3749
	Mean error: 12.832
	Mean absolute error: 54.012
	Error deviation: 68.097

--------------------------------------------------------------------------------

Epoch 61

Train:
	Average loss: 0.2794
	Mean error: 17.883
	Mean absolute error: 76.684
	Error deviation: 101.674
Valid:
	Average loss: 0.3749
	Mean error: -23.956
	Mean absolute error: 56.651
	Error deviation: 68.055

--------------------------------------------------------------------------------

Epoch 62

Train:
	Average loss: 0.2793
	Mean error: 2.270
	Mean absolute error: 73.880
	Error deviation: 95.595
Valid:
	Average loss: 0.3749
	Mean error: -29.103
	Mean absolute error: 58.338
	Error deviation: 68.009

--------------------------------------------------------------------------------

Epoch 63

Train:
	Average loss: 0.2796
	Mean error: 0.041
	Mean absolute error: 75.383
	Error deviation: 96.681
Valid:
	Average loss: 0.3749
	Mean error: -29.519
	Mean absolute error: 58.487
	Error deviation: 68.038

--------------------------------------------------------------------------------

Epoch 64

Train:
	Average loss: 0.2795
	Mean error: 0.590
	Mean absolute error: 73.102
	Error deviation: 95.876
Valid:
	Average loss: 0.3749
	Mean error: -31.460
	Mean absolute error: 59.267
	Error deviation: 67.970

--------------------------------------------------------------------------------

Epoch 65

Train:
	Average loss: 0.2793
	Mean error: -2.589
	Mean absolute error: 73.641
	Error deviation: 97.720
Valid:
	Average loss: 0.3749
	Mean error: -26.969
	Mean absolute error: 57.536
	Error deviation: 67.980

--------------------------------------------------------------------------------

Epoch 66

Train:
	Average loss: 0.2795
	Mean error: -1.480
	Mean absolute error: 74.479
	Error deviation: 98.172
Valid:
	Average loss: 0.3749
	Mean error: -26.677
	Mean absolute error: 57.482
	Error deviation: 68.074

--------------------------------------------------------------------------------

Epoch 67

Train:
	Average loss: 0.2802
	Mean error: 2.676
	Mean absolute error: 77.703
	Error deviation: 102.599
Valid:
	Average loss: 0.3749
	Mean error: -29.117
	Mean absolute error: 58.340
	Error deviation: 67.945

--------------------------------------------------------------------------------

Epoch 68

Train:
	Average loss: 0.2795
	Mean error: -1.540
	Mean absolute error: 74.992
	Error deviation: 98.594
Valid:
	Average loss: 0.3749
	Mean error: -28.889
	Mean absolute error: 58.277
	Error deviation: 68.125

--------------------------------------------------------------------------------

Epoch 69

Train:
	Average loss: 0.2794
	Mean error: 0.218
	Mean absolute error: 74.555
	Error deviation: 97.002
Valid:
	Average loss: 0.3749
	Mean error: -28.997
	Mean absolute error: 58.294
	Error deviation: 68.038

--------------------------------------------------------------------------------

Epoch 70

Train:
	Average loss: 0.2797
	Mean error: -0.721
	Mean absolute error: 74.872
	Error deviation: 100.952
Valid:
	Average loss: 0.3750
	Mean error: -28.435
	Mean absolute error: 58.073
	Error deviation: 68.114

--------------------------------------------------------------------------------

Epoch 71

Train:
	Average loss: 0.2796
	Mean error: -0.251
	Mean absolute error: 74.247
	Error deviation: 98.039
Valid:
	Average loss: 0.3750
	Mean error: -28.776
	Mean absolute error: 58.233
	Error deviation: 68.154

--------------------------------------------------------------------------------

Epoch 72

Train:
	Average loss: 0.2798
	Mean error: -0.207
	Mean absolute error: 75.689
	Error deviation: 100.617
Valid:
	Average loss: 0.3749
	Mean error: -28.928
	Mean absolute error: 58.287
	Error deviation: 68.077

--------------------------------------------------------------------------------

Epoch 73

Train:
	Average loss: 0.2790
	Mean error: -0.057
	Mean absolute error: 73.516
	Error deviation: 96.116
Valid:
	Average loss: 0.3750
	Mean error: -30.033
	Mean absolute error: 58.727
	Error deviation: 68.136

--------------------------------------------------------------------------------

Epoch 74

Train:
	Average loss: 0.2792
	Mean error: -1.357
	Mean absolute error: 74.292
	Error deviation: 98.788
Valid:
	Average loss: 0.3750
	Mean error: -29.400
	Mean absolute error: 58.474
	Error deviation: 68.128

--------------------------------------------------------------------------------

Epoch 75

Train:
	Average loss: 0.2793
	Mean error: 0.458
	Mean absolute error: 74.105
	Error deviation: 99.413
Valid:
	Average loss: 0.3749
	Mean error: -29.850
	Mean absolute error: 58.651
	Error deviation: 68.099

--------------------------------------------------------------------------------

Epoch 76

Train:
	Average loss: 0.2792
	Mean error: -1.624
	Mean absolute error: 73.062
	Error deviation: 96.883
Valid:
	Average loss: 0.3750
	Mean error: -27.451
	Mean absolute error: 57.778
	Error deviation: 68.182

--------------------------------------------------------------------------------

Epoch 77

Train:
	Average loss: 0.2790
	Mean error: 1.533
	Mean absolute error: 73.418
	Error deviation: 96.131
Valid:
	Average loss: 0.3749
	Mean error: -29.199
	Mean absolute error: 58.382
	Error deviation: 68.019

--------------------------------------------------------------------------------

Epoch 78

Train:
	Average loss: 0.2793
	Mean error: 0.838
	Mean absolute error: 73.568
	Error deviation: 95.583
Valid:
	Average loss: 0.3749
	Mean error: -32.060
	Mean absolute error: 59.568
	Error deviation: 68.028

--------------------------------------------------------------------------------

Epoch 79

Train:
	Average loss: 0.2796
	Mean error: -0.355
	Mean absolute error: 73.624
	Error deviation: 98.550
Valid:
	Average loss: 0.3750
	Mean error: -32.305
	Mean absolute error: 59.639
	Error deviation: 68.082

--------------------------------------------------------------------------------

Epoch 80

Train:
	Average loss: 0.2796
	Mean error: -1.738
	Mean absolute error: 74.779
	Error deviation: 97.407
Valid:
	Average loss: 0.3749
	Mean error: -28.896
	Mean absolute error: 58.280
	Error deviation: 68.017

--------------------------------------------------------------------------------

Epoch 81

Train:
	Average loss: 0.2794
	Mean error: 4.983
	Mean absolute error: 74.702
	Error deviation: 99.924
Valid:
	Average loss: 0.3750
	Mean error: -31.955
	Mean absolute error: 59.530
	Error deviation: 68.176

--------------------------------------------------------------------------------

Epoch 82

Train:
	Average loss: 0.2799
	Mean error: 9.049
	Mean absolute error: 74.034
	Error deviation: 97.423
Valid:
	Average loss: 0.3750
	Mean error: -32.936
	Mean absolute error: 59.897
	Error deviation: 68.068

--------------------------------------------------------------------------------

Epoch 83

Train:
	Average loss: 0.2797
	Mean error: 4.959
	Mean absolute error: 74.620
	Error deviation: 101.954
Valid:
	Average loss: 0.3750
	Mean error: -33.700
	Mean absolute error: 60.209
	Error deviation: 68.024

--------------------------------------------------------------------------------

Epoch 84

Train:
	Average loss: 0.2796
	Mean error: 5.485
	Mean absolute error: 74.273
	Error deviation: 98.682
Valid:
	Average loss: 0.3750
	Mean error: -34.300
	Mean absolute error: 60.493
	Error deviation: 68.005

--------------------------------------------------------------------------------

Epoch 85

Train:
	Average loss: 0.2791
	Mean error: 2.398
	Mean absolute error: 73.056
	Error deviation: 97.894
Valid:
	Average loss: 0.3750
	Mean error: -35.641
	Mean absolute error: 61.144
	Error deviation: 68.164

--------------------------------------------------------------------------------

Epoch 86

Train:
	Average loss: 0.2794
	Mean error: 3.943
	Mean absolute error: 75.375
	Error deviation: 98.759
Valid:
	Average loss: 0.3750
	Mean error: -36.175
	Mean absolute error: 61.387
	Error deviation: 68.139

--------------------------------------------------------------------------------

Epoch 87

Train:
	Average loss: 0.2801
	Mean error: 4.905
	Mean absolute error: 75.979
	Error deviation: 102.168
Valid:
	Average loss: 0.3750
	Mean error: -36.586
	Mean absolute error: 61.545
	Error deviation: 68.065

--------------------------------------------------------------------------------

Epoch 88

Train:
	Average loss: 0.2798
	Mean error: 2.841
	Mean absolute error: 72.908
	Error deviation: 95.736
Valid:
	Average loss: 0.3750
	Mean error: -38.154
	Mean absolute error: 62.308
	Error deviation: 68.156

--------------------------------------------------------------------------------

Epoch 89

Train:
	Average loss: 0.2793
	Mean error: 3.677
	Mean absolute error: 74.401
	Error deviation: 95.936
Valid:
	Average loss: 0.3750
	Mean error: -37.143
	Mean absolute error: 61.815
	Error deviation: 68.018

--------------------------------------------------------------------------------

Epoch 90

Train:
	Average loss: 0.2798
	Mean error: -0.946
	Mean absolute error: 75.066
	Error deviation: 99.221
Valid:
	Average loss: 0.3750
	Mean error: -38.495
	Mean absolute error: 62.434
	Error deviation: 68.095

--------------------------------------------------------------------------------

Epoch 91

Train:
	Average loss: 0.2797
	Mean error: 1.165
	Mean absolute error: 75.478
	Error deviation: 100.786
Valid:
	Average loss: 0.3750
	Mean error: -39.285
	Mean absolute error: 62.832
	Error deviation: 68.125

--------------------------------------------------------------------------------

Epoch 92

Train:
	Average loss: 0.2796
	Mean error: 1.061
	Mean absolute error: 74.164
	Error deviation: 98.342
Valid:
	Average loss: 0.3750
	Mean error: -40.100
	Mean absolute error: 63.202
	Error deviation: 68.088

--------------------------------------------------------------------------------

Epoch 93

Train:
	Average loss: 0.2792
	Mean error: 1.177
	Mean absolute error: 72.425
	Error deviation: 95.974
Valid:
	Average loss: 0.3750
	Mean error: -39.021
	Mean absolute error: 62.692
	Error deviation: 68.085

--------------------------------------------------------------------------------

Epoch 94

Train:
	Average loss: 0.2794
	Mean error: 0.962
	Mean absolute error: 72.776
	Error deviation: 96.927
Valid:
	Average loss: 0.3750
	Mean error: -39.066
	Mean absolute error: 62.752
	Error deviation: 68.115

--------------------------------------------------------------------------------

Epoch 95

Train:
	Average loss: 0.2792
	Mean error: 1.742
	Mean absolute error: 73.784
	Error deviation: 94.993
Valid:
	Average loss: 0.3750
	Mean error: -39.268
	Mean absolute error: 62.829
	Error deviation: 68.109

--------------------------------------------------------------------------------

Epoch 96

Train:
	Average loss: 0.2793
	Mean error: 0.460
	Mean absolute error: 74.027
	Error deviation: 96.554
Valid:
	Average loss: 0.3750
	Mean error: -39.986
	Mean absolute error: 63.164
	Error deviation: 68.114

--------------------------------------------------------------------------------

Epoch 97

Train:
	Average loss: 0.2796
	Mean error: 1.667
	Mean absolute error: 75.326
	Error deviation: 97.521
Valid:
	Average loss: 0.3750
	Mean error: -40.160
	Mean absolute error: 63.277
	Error deviation: 68.116

--------------------------------------------------------------------------------

Epoch 98

Train:
	Average loss: 0.2798
	Mean error: 0.845
	Mean absolute error: 75.875
	Error deviation: 98.829
Valid:
	Average loss: 0.3750
	Mean error: -39.649
	Mean absolute error: 62.994
	Error deviation: 68.006

--------------------------------------------------------------------------------

Epoch 99

Train:
	Average loss: 0.2793
	Mean error: 0.755
	Mean absolute error: 71.679
	Error deviation: 91.927
Valid:
	Average loss: 0.3750
	Mean error: -40.110
	Mean absolute error: 63.203
	Error deviation: 68.028

--------------------------------------------------------------------------------

Epoch 100

Train:
	Average loss: 0.2797
	Mean error: -3.409
	Mean absolute error: 75.907
	Error deviation: 100.907
Valid:
	Average loss: 0.3750
	Mean error: -41.225
	Mean absolute error: 63.756
	Error deviation: 68.159

--------------------------------------------------------------------------------

Epoch 101

Train:
	Average loss: 0.2795
	Mean error: 2.578
	Mean absolute error: 73.768
	Error deviation: 99.800
Valid:
	Average loss: 0.3750
	Mean error: -39.755
	Mean absolute error: 63.059
	Error deviation: 68.072

--------------------------------------------------------------------------------

Epoch 102

Train:
	Average loss: 0.2791
	Mean error: -2.055
	Mean absolute error: 74.475
	Error deviation: 96.457
Valid:
	Average loss: 0.3750
	Mean error: -39.744
	Mean absolute error: 63.043
	Error deviation: 68.077

--------------------------------------------------------------------------------

Epoch 103

Train:
	Average loss: 0.2801
	Mean error: 0.217
	Mean absolute error: 74.741
	Error deviation: 98.106
Valid:
	Average loss: 0.3750
	Mean error: -41.388
	Mean absolute error: 63.845
	Error deviation: 68.165

--------------------------------------------------------------------------------

Epoch 104

Train:
	Average loss: 0.2795
	Mean error: -2.066
	Mean absolute error: 74.416
	Error deviation: 98.389
Valid:
	Average loss: 0.3750
	Mean error: -40.389
	Mean absolute error: 63.356
	Error deviation: 68.105

--------------------------------------------------------------------------------

Epoch 105

Train:
	Average loss: 0.2793
	Mean error: 0.838
	Mean absolute error: 73.945
	Error deviation: 98.766
Valid:
	Average loss: 0.3750
	Mean error: -40.422
	Mean absolute error: 63.380
	Error deviation: 68.116

--------------------------------------------------------------------------------

Epoch 106

Train:
	Average loss: 0.2791
	Mean error: 2.976
	Mean absolute error: 74.202
	Error deviation: 96.409
Valid:
	Average loss: 0.3750
	Mean error: -39.263
	Mean absolute error: 62.811
	Error deviation: 68.020

--------------------------------------------------------------------------------

Epoch 107

Train:
	Average loss: 0.2793
	Mean error: -1.148
	Mean absolute error: 75.416
	Error deviation: 102.847
Valid:
	Average loss: 0.3750
	Mean error: -40.177
	Mean absolute error: 63.232
	Error deviation: 68.076

--------------------------------------------------------------------------------

Epoch 108

Train:
	Average loss: 0.2799
	Mean error: -0.070
	Mean absolute error: 75.394
	Error deviation: 98.131
Valid:
	Average loss: 0.3750
	Mean error: -39.406
	Mean absolute error: 62.848
	Error deviation: 67.964

--------------------------------------------------------------------------------

Epoch 109

Train:
	Average loss: 0.2795
	Mean error: -0.755
	Mean absolute error: 74.387
	Error deviation: 99.840
Valid:
	Average loss: 0.3750
	Mean error: -40.067
	Mean absolute error: 63.202
	Error deviation: 68.081

--------------------------------------------------------------------------------

Epoch 110

Train:
	Average loss: 0.2795
	Mean error: 0.899
	Mean absolute error: 74.115
	Error deviation: 98.277
Valid:
	Average loss: 0.3750
	Mean error: -40.169
	Mean absolute error: 63.279
	Error deviation: 68.112

--------------------------------------------------------------------------------

Epoch 111

Train:
	Average loss: 0.2787
	Mean error: -3.972
	Mean absolute error: 71.580
	Error deviation: 94.268
Valid:
	Average loss: 0.3750
	Mean error: -39.175
	Mean absolute error: 62.759
	Error deviation: 68.023

--------------------------------------------------------------------------------

Epoch 112

Train:
	Average loss: 0.2791
	Mean error: -1.182
	Mean absolute error: 71.616
	Error deviation: 94.202
Valid:
	Average loss: 0.3751
	Mean error: -41.879
	Mean absolute error: 64.116
	Error deviation: 68.255

--------------------------------------------------------------------------------

Epoch 113

Train:
	Average loss: 0.2791
	Mean error: -0.234
	Mean absolute error: 72.202
	Error deviation: 97.282
Valid:
	Average loss: 0.3750
	Mean error: -40.274
	Mean absolute error: 63.288
	Error deviation: 68.081

--------------------------------------------------------------------------------

Epoch 114

Train:
	Average loss: 0.2798
	Mean error: 1.803
	Mean absolute error: 73.593
	Error deviation: 96.886
Valid:
	Average loss: 0.3750
	Mean error: -41.191
	Mean absolute error: 63.748
	Error deviation: 68.151

--------------------------------------------------------------------------------

Epoch 115

Train:
	Average loss: 0.2795
	Mean error: -2.950
	Mean absolute error: 75.570
	Error deviation: 98.802
Valid:
	Average loss: 0.3750
	Mean error: -41.089
	Mean absolute error: 63.694
	Error deviation: 68.170

--------------------------------------------------------------------------------

Epoch 116

Train:
	Average loss: 0.2799
	Mean error: 1.304
	Mean absolute error: 76.076
	Error deviation: 101.605
Valid:
	Average loss: 0.3750
	Mean error: -39.960
	Mean absolute error: 63.135
	Error deviation: 68.037

--------------------------------------------------------------------------------

Epoch 117

Train:
	Average loss: 0.2799
	Mean error: 0.685
	Mean absolute error: 74.975
	Error deviation: 99.136
Valid:
	Average loss: 0.3750
	Mean error: -41.085
	Mean absolute error: 63.683
	Error deviation: 68.111

--------------------------------------------------------------------------------

Epoch 118

Train:
	Average loss: 0.2800
	Mean error: 2.593
	Mean absolute error: 75.292
	Error deviation: 101.160
Valid:
	Average loss: 0.3750
	Mean error: -40.371
	Mean absolute error: 63.353
	Error deviation: 68.103

--------------------------------------------------------------------------------

Epoch 119

Train:
	Average loss: 0.2796
	Mean error: 1.694
	Mean absolute error: 74.271
	Error deviation: 96.963
Valid:
	Average loss: 0.3750
	Mean error: -39.819
	Mean absolute error: 63.051
	Error deviation: 68.018

--------------------------------------------------------------------------------

Epoch 120

Train:
	Average loss: 0.2798
	Mean error: 0.536
	Mean absolute error: 74.045
	Error deviation: 99.290
Valid:
	Average loss: 0.3750
	Mean error: -40.357
	Mean absolute error: 63.346
	Error deviation: 68.109

--------------------------------------------------------------------------------

Epoch 121

Train:
	Average loss: 0.2796
	Mean error: 2.868
	Mean absolute error: 73.768
	Error deviation: 97.375
Valid:
	Average loss: 0.3750
	Mean error: -39.751
	Mean absolute error: 63.068
	Error deviation: 68.062

--------------------------------------------------------------------------------

Epoch 122

Train:
	Average loss: 0.2798
	Mean error: -2.279
	Mean absolute error: 75.357
	Error deviation: 101.438
Valid:
	Average loss: 0.3750
	Mean error: -41.118
	Mean absolute error: 63.736
	Error deviation: 68.205

--------------------------------------------------------------------------------

Epoch 123

Train:
	Average loss: 0.2790
	Mean error: -1.728
	Mean absolute error: 73.975
	Error deviation: 95.585
Valid:
	Average loss: 0.3750
	Mean error: -40.280
	Mean absolute error: 63.290
	Error deviation: 68.091

--------------------------------------------------------------------------------

Epoch 124

Train:
	Average loss: 0.2794
	Mean error: 1.570
	Mean absolute error: 74.430
	Error deviation: 98.831
Valid:
	Average loss: 0.3750
	Mean error: -40.442
	Mean absolute error: 63.404
	Error deviation: 68.107

--------------------------------------------------------------------------------

Epoch 125

Train:
	Average loss: 0.2793
	Mean error: -0.095
	Mean absolute error: 73.784
	Error deviation: 96.705
Valid:
	Average loss: 0.3750
	Mean error: -39.272
	Mean absolute error: 62.785
	Error deviation: 67.978

--------------------------------------------------------------------------------

Epoch 126

Train:
	Average loss: 0.2800
	Mean error: 0.540
	Mean absolute error: 73.760
	Error deviation: 98.953
Valid:
	Average loss: 0.3750
	Mean error: -40.400
	Mean absolute error: 63.345
	Error deviation: 68.047

--------------------------------------------------------------------------------

Epoch 127

Train:
	Average loss: 0.2797
	Mean error: 2.256
	Mean absolute error: 75.662
	Error deviation: 98.538
Valid:
	Average loss: 0.3750
	Mean error: -39.692
	Mean absolute error: 63.029
	Error deviation: 68.079

--------------------------------------------------------------------------------

Epoch 128

Train:
	Average loss: 0.2805
	Mean error: -1.257
	Mean absolute error: 78.083
	Error deviation: 104.391
Valid:
	Average loss: 0.3750
	Mean error: -41.445
	Mean absolute error: 63.907
	Error deviation: 68.247

--------------------------------------------------------------------------------

Epoch 129

Train:
	Average loss: 0.2796
	Mean error: -0.272
	Mean absolute error: 75.475
	Error deviation: 99.524
Valid:
	Average loss: 0.3750
	Mean error: -40.699
	Mean absolute error: 63.490
	Error deviation: 68.130

--------------------------------------------------------------------------------

Epoch 130

Train:
	Average loss: 0.2796
	Mean error: 2.411
	Mean absolute error: 72.600
	Error deviation: 96.057
Valid:
	Average loss: 0.3750
	Mean error: -39.943
	Mean absolute error: 63.141
	Error deviation: 68.075

--------------------------------------------------------------------------------

Epoch 131

Train:
	Average loss: 0.2792
	Mean error: 0.448
	Mean absolute error: 74.183
	Error deviation: 96.404
Valid:
	Average loss: 0.3750
	Mean error: -41.015
	Mean absolute error: 63.672
	Error deviation: 68.148

--------------------------------------------------------------------------------

Epoch 132

Train:
	Average loss: 0.2796
	Mean error: -0.191
	Mean absolute error: 76.114
	Error deviation: 100.350
Valid:
	Average loss: 0.3750
	Mean error: -41.213
	Mean absolute error: 63.775
	Error deviation: 68.142

--------------------------------------------------------------------------------

Epoch 133

Train:
	Average loss: 0.2796
	Mean error: 0.107
	Mean absolute error: 73.992
	Error deviation: 98.953
Valid:
	Average loss: 0.3750
	Mean error: -39.800
	Mean absolute error: 63.081
	Error deviation: 68.057

--------------------------------------------------------------------------------

Epoch 134

Train:
	Average loss: 0.2793
	Mean error: -3.486
	Mean absolute error: 74.548
	Error deviation: 99.057
Valid:
	Average loss: 0.3750
	Mean error: -40.065
	Mean absolute error: 63.202
	Error deviation: 68.069

--------------------------------------------------------------------------------

Epoch 135

Train:
	Average loss: 0.2790
	Mean error: -2.637
	Mean absolute error: 73.137
	Error deviation: 95.977
Valid:
	Average loss: 0.3750
	Mean error: -40.787
	Mean absolute error: 63.572
	Error deviation: 68.178

--------------------------------------------------------------------------------

Epoch 136

Train:
	Average loss: 0.2792
	Mean error: -0.051
	Mean absolute error: 73.918
	Error deviation: 98.314
Valid:
	Average loss: 0.3750
	Mean error: -40.091
	Mean absolute error: 63.194
	Error deviation: 68.079

--------------------------------------------------------------------------------

Epoch 137

Train:
	Average loss: 0.2793
	Mean error: -0.596
	Mean absolute error: 73.583
	Error deviation: 94.644
Valid:
	Average loss: 0.3750
	Mean error: -41.173
	Mean absolute error: 63.725
	Error deviation: 68.133

--------------------------------------------------------------------------------

Epoch 138

Train:
	Average loss: 0.2799
	Mean error: 2.377
	Mean absolute error: 74.389
	Error deviation: 98.812
Valid:
	Average loss: 0.3750
	Mean error: -40.803
	Mean absolute error: 63.543
	Error deviation: 68.102

--------------------------------------------------------------------------------

Epoch 139

Train:
	Average loss: 0.2792
	Mean error: 0.317
	Mean absolute error: 72.767
	Error deviation: 95.893
Valid:
	Average loss: 0.3750
	Mean error: -39.285
	Mean absolute error: 62.807
	Error deviation: 67.987

--------------------------------------------------------------------------------

Epoch 140

Train:
	Average loss: 0.2796
	Mean error: -1.350
	Mean absolute error: 74.363
	Error deviation: 98.117
Valid:
	Average loss: 0.3750
	Mean error: -40.704
	Mean absolute error: 63.479
	Error deviation: 68.072

--------------------------------------------------------------------------------

Epoch 141

Train:
	Average loss: 0.2794
	Mean error: 3.357
	Mean absolute error: 73.714
	Error deviation: 95.627
Valid:
	Average loss: 0.3750
	Mean error: -39.768
	Mean absolute error: 63.058
	Error deviation: 68.078

--------------------------------------------------------------------------------

Epoch 142

Train:
	Average loss: 0.2797
	Mean error: 1.543
	Mean absolute error: 74.657
	Error deviation: 96.856
Valid:
	Average loss: 0.3750
	Mean error: -39.569
	Mean absolute error: 62.926
	Error deviation: 67.961

--------------------------------------------------------------------------------

Epoch 143

Train:
	Average loss: 0.2797
	Mean error: -0.667
	Mean absolute error: 75.059
	Error deviation: 100.277
Valid:
	Average loss: 0.3750
	Mean error: -40.651
	Mean absolute error: 63.471
	Error deviation: 68.081

--------------------------------------------------------------------------------

Epoch 144

Train:
	Average loss: 0.2798
	Mean error: 0.014
	Mean absolute error: 75.302
	Error deviation: 98.437
Valid:
	Average loss: 0.3750
	Mean error: -41.463
	Mean absolute error: 63.889
	Error deviation: 68.194

--------------------------------------------------------------------------------

Epoch 145

Train:
	Average loss: 0.2792
	Mean error: 0.049
	Mean absolute error: 73.033
	Error deviation: 97.048
Valid:
	Average loss: 0.3750
	Mean error: -40.712
	Mean absolute error: 63.525
	Error deviation: 68.108

--------------------------------------------------------------------------------

Epoch 146

Train:
	Average loss: 0.2789
	Mean error: -0.510
	Mean absolute error: 71.986
	Error deviation: 93.836
Valid:
	Average loss: 0.3750
	Mean error: -39.347
	Mean absolute error: 62.838
	Error deviation: 67.978

--------------------------------------------------------------------------------

Epoch 147

Train:
	Average loss: 0.2800
	Mean error: 0.173
	Mean absolute error: 75.068
	Error deviation: 98.523
Valid:
	Average loss: 0.3750
	Mean error: -39.937
	Mean absolute error: 63.107
	Error deviation: 68.031

--------------------------------------------------------------------------------

Epoch 148

Train:
	Average loss: 0.2795
	Mean error: 0.950
	Mean absolute error: 74.136
	Error deviation: 96.672
Valid:
	Average loss: 0.3750
	Mean error: -40.932
	Mean absolute error: 63.615
	Error deviation: 68.129

--------------------------------------------------------------------------------

Epoch 149

Train:
	Average loss: 0.2798
	Mean error: 1.784
	Mean absolute error: 74.659
	Error deviation: 100.099
Valid:
	Average loss: 0.3750
	Mean error: -41.052
	Mean absolute error: 63.687
	Error deviation: 68.156

--------------------------------------------------------------------------------

Epoch 150

Train:
	Average loss: 0.2793
	Mean error: 0.871
	Mean absolute error: 73.440
	Error deviation: 95.719
Valid:
	Average loss: 0.3750
	Mean error: -39.627
	Mean absolute error: 62.990
	Error deviation: 68.036

--------------------------------------------------------------------------------

[Training done] Best result: 53.055865881601996, dataset: visdrone, model: FPN_efficientnet-b2
